<component name="libraryTable">
  <library name="junit">
    <CLASSES>
      <root url="jar://$PROJECT_DIR$/lib/junit/junit-4.11-javadoc.jar!/" />
      <root url="jar://$PROJECT_DIR$/lib/junit/junit-4.11.jar!/" />
      <root url="jar://$PROJECT_DIR$/lib/junit/junit-4.11-sources.jar!/" />
    </CLASSES>
    <JAVADOC />
    <SOURCES />
  </library>
</component>